<?xml version="1.0" encoding="UTF-8"?>
<!-- Generated by org.testng.reporters.JUnitXMLReporter -->
<testsuite ignored="0" hostname="user13" failures="0" tests="4" name="Default test" time="2.702" errors="0" timestamp="2024-11-13T13:36:09 IST">
  <testcase classname="TestScripts.PlaceOrderTest" name="AddItemTest" time="0.422"/>
  <testcase classname="TestScripts.PlaceOrderTest" name="checkingItems" time="0.137"/>
  <testcase classname="TestScripts.PlaceOrderTest" name="continuetest" time="0.557"/>
  <testcase classname="TestScripts.PlaceOrderTest" name="finishtest" time="0.128"/>
</testsuite> <!-- Default test -->
