<?xml version="1.0" encoding="UTF-8"?>
<testng-results ignored="0" total="4" passed="4" failed="0" skipped="0">
  <reporter-output>
  </reporter-output>
  <suite started-at="2024-11-13T13:36:06 IST" name="Default suite" finished-at="2024-11-13T13:36:09 IST" duration-ms="2702">
    <groups>
    </groups>
    <test started-at="2024-11-13T13:36:06 IST" name="Default test" finished-at="2024-11-13T13:36:09 IST" duration-ms="2702">
      <class name="TestScripts.PlaceOrderTest">
        <test-method is-config="true" signature="SetUP()[pri:0, instance:TestScripts.PlaceOrderTest@1b0a7baf]" started-at="2024-11-13T13:36:06 IST" name="SetUP" finished-at="2024-11-13T13:36:08 IST" duration-ms="1381" status="PASS">
          <reporter-output>
          </reporter-output>
        </test-method> <!-- SetUP -->
        <test-method signature="AddItemTest()[pri:1, instance:TestScripts.PlaceOrderTest@1b0a7baf]" started-at="2024-11-13T13:36:08 IST" name="AddItemTest" finished-at="2024-11-13T13:36:08 IST" duration-ms="422" status="PASS">
          <reporter-output>
          </reporter-output>
        </test-method> <!-- AddItemTest -->
        <test-method signature="checkingItems()[pri:2, instance:TestScripts.PlaceOrderTest@1b0a7baf]" started-at="2024-11-13T13:36:08 IST" name="checkingItems" finished-at="2024-11-13T13:36:08 IST" duration-ms="137" status="PASS">
          <reporter-output>
          </reporter-output>
        </test-method> <!-- checkingItems -->
        <test-method signature="continuetest()[pri:3, instance:TestScripts.PlaceOrderTest@1b0a7baf]" started-at="2024-11-13T13:36:08 IST" name="continuetest" finished-at="2024-11-13T13:36:09 IST" duration-ms="557" status="PASS">
          <reporter-output>
          </reporter-output>
        </test-method> <!-- continuetest -->
        <test-method signature="finishtest()[pri:4, instance:TestScripts.PlaceOrderTest@1b0a7baf]" started-at="2024-11-13T13:36:09 IST" name="finishtest" finished-at="2024-11-13T13:36:09 IST" duration-ms="128" status="PASS">
          <reporter-output>
          </reporter-output>
        </test-method> <!-- finishtest -->
        <test-method is-config="true" signature="closeBrowser()[pri:0, instance:TestScripts.PlaceOrderTest@1b0a7baf]" started-at="2024-11-13T13:36:09 IST" name="closeBrowser" finished-at="2024-11-13T13:36:09 IST" duration-ms="0" status="PASS">
          <reporter-output>
          </reporter-output>
        </test-method> <!-- closeBrowser -->
      </class> <!-- TestScripts.PlaceOrderTest -->
    </test> <!-- Default test -->
  </suite> <!-- Default suite -->
</testng-results>
